<?xml version="1.0" encoding="UTF-8"?>
<testng-results ignored="0" total="1" passed="1" failed="0" skipped="0">
  <reporter-output>
  </reporter-output>
  <suite started-at="2020-08-10T02:05:29 IST" name="EditorTestSuite" finished-at="2020-08-10T02:05:40 IST" duration-ms="11195">
    <groups>
    </groups>
    <test started-at="2020-08-10T02:05:29 IST" name="EditorTests" finished-at="2020-08-10T02:05:40 IST" duration-ms="11195">
      <class name="com.webapp.editortests.EditorTests">
        <test-method is-config="true" signature="setUp(java.lang.reflect.Method, java.lang.String, org.testng.ITestContext)[pri:0, instance:com.webapp.editortests.EditorTests@3febb011]" started-at="2020-08-10T02:05:29 IST" name="setUp" finished-at="2020-08-10T02:05:35 IST" duration-ms="5638" status="PASS">
          <params>
            <param index="0">
              <value>
                <![CDATA[public void com.webapp.editortests.EditorTests.defaultEditorValueTest()]]>
              </value>
            </param>
            <param index="1">
              <value>
                <![CDATA[chrome]]>
              </value>
            </param>
            <param index="2">
              <value>
                <![CDATA[org.testng.TestRunner@7c853486]]>
              </value>
            </param>
          </params>
          <reporter-output>
          </reporter-output>
        </test-method> <!-- setUp -->
        <test-method signature="defaultEditorValueTest()[pri:0, instance:com.webapp.editortests.EditorTests@3febb011]" started-at="2020-08-10T02:05:35 IST" name="defaultEditorValueTest" finished-at="2020-08-10T02:05:39 IST" duration-ms="4532" status="PASS">
          <reporter-output>
          </reporter-output>
        </test-method> <!-- defaultEditorValueTest -->
        <test-method is-config="true" signature="tearDown()[pri:0, instance:com.webapp.editortests.EditorTests@3febb011]" started-at="2020-08-10T02:05:39 IST" name="tearDown" finished-at="2020-08-10T02:05:40 IST" duration-ms="599" status="PASS">
          <reporter-output>
          </reporter-output>
        </test-method> <!-- tearDown -->
      </class> <!-- com.webapp.editortests.EditorTests -->
    </test> <!-- EditorTests -->
  </suite> <!-- EditorTestSuite -->
</testng-results>
